{"src\\Player2.js":{"path":"src\\Player2.js","s":{"1":1,"2":9,"3":9,"4":9,"5":9,"6":9,"7":5,"8":5,"9":4,"10":4,"11":1,"12":1,"13":9,"14":3,"15":3,"16":3,"17":3,"18":3,"19":9,"20":6,"21":6,"22":8,"23":8,"24":4,"25":4,"26":1,"27":1,"28":2,"29":2,"30":1,"31":1,"32":1,"33":9,"34":9},"b":{"1":[4,1],"2":[4,1],"3":[5,1],"4":[1,3],"5":[2,1],"6":[4,1,2,1]},"f":{"1":9,"2":5,"3":3,"4":6,"5":9},"fnMap":{"1":{"name":"(anonymous_1)","line":9,"loc":{"start":{"line":9,"column":12},"end":{"line":9,"column":49}}},"2":{"name":"(anonymous_2)","line":16,"loc":{"start":{"line":16,"column":17},"end":{"line":16,"column":35}}},"3":{"name":"(anonymous_3)","line":28,"loc":{"start":{"line":28,"column":17},"end":{"line":28,"column":35}}},"4":{"name":"(anonymous_4)","line":38,"loc":{"start":{"line":38,"column":20},"end":{"line":38,"column":43}}},"5":{"name":"(anonymous_5)","line":61,"loc":{"start":{"line":61,"column":11},"end":{"line":61,"column":34}}}},"statementMap":{"1":{"start":{"line":9,"column":0},"end":{"line":59,"column":2}},"2":{"start":{"line":10,"column":4},"end":{"line":10,"column":21}},"3":{"start":{"line":11,"column":4},"end":{"line":11,"column":21}},"4":{"start":{"line":12,"column":4},"end":{"line":12,"column":21}},"5":{"start":{"line":14,"column":4},"end":{"line":14,"column":31}},"6":{"start":{"line":16,"column":4},"end":{"line":27,"column":6}},"7":{"start":{"line":17,"column":8},"end":{"line":17,"column":43}},"8":{"start":{"line":19,"column":8},"end":{"line":25,"column":9}},"9":{"start":{"line":20,"column":12},"end":{"line":20,"column":36}},"10":{"start":{"line":21,"column":12},"end":{"line":21,"column":60}},"11":{"start":{"line":21,"column":46},"end":{"line":21,"column":60}},"12":{"start":{"line":24,"column":12},"end":{"line":24,"column":36}},"13":{"start":{"line":28,"column":4},"end":{"line":36,"column":6}},"14":{"start":{"line":29,"column":8},"end":{"line":29,"column":44}},"15":{"start":{"line":30,"column":8},"end":{"line":30,"column":44}},"16":{"start":{"line":32,"column":8},"end":{"line":32,"column":57}},"17":{"start":{"line":33,"column":8},"end":{"line":33,"column":46}},"18":{"start":{"line":34,"column":8},"end":{"line":34,"column":45}},"19":{"start":{"line":38,"column":4},"end":{"line":59,"column":0}},"20":{"start":{"line":39,"column":8},"end":{"line":39,"column":20}},"21":{"start":{"line":40,"column":8},"end":{"line":56,"column":9}},"22":{"start":{"line":41,"column":12},"end":{"line":41,"column":48}},"23":{"start":{"line":42,"column":12},"end":{"line":55,"column":13}},"24":{"start":{"line":44,"column":20},"end":{"line":44,"column":37}},"25":{"start":{"line":45,"column":20},"end":{"line":45,"column":26}},"26":{"start":{"line":47,"column":20},"end":{"line":47,"column":38}},"27":{"start":{"line":48,"column":20},"end":{"line":48,"column":26}},"28":{"start":{"line":50,"column":20},"end":{"line":50,"column":37}},"29":{"start":{"line":51,"column":20},"end":{"line":51,"column":26}},"30":{"start":{"line":53,"column":20},"end":{"line":53,"column":38}},"31":{"start":{"line":54,"column":20},"end":{"line":54,"column":26}},"32":{"start":{"line":61,"column":0},"end":{"line":64,"column":2}},"33":{"start":{"line":62,"column":4},"end":{"line":62,"column":23}},"34":{"start":{"line":63,"column":4},"end":{"line":63,"column":25}}},"branchMap":{"1":{"line":17,"type":"cond-expr","locations":[{"start":{"line":17,"column":37},"end":{"line":17,"column":38}},{"start":{"line":17,"column":40},"end":{"line":17,"column":42}}]},"2":{"line":19,"type":"if","locations":[{"start":{"line":19,"column":8},"end":{"line":19,"column":8}},{"start":{"line":19,"column":8},"end":{"line":19,"column":8}}]},"3":{"line":19,"type":"binary-expr","locations":[{"start":{"line":19,"column":13},"end":{"line":19,"column":32}},{"start":{"line":19,"column":38},"end":{"line":19,"column":57}}]},"4":{"line":21,"type":"if","locations":[{"start":{"line":21,"column":12},"end":{"line":21,"column":12}},{"start":{"line":21,"column":12},"end":{"line":21,"column":12}}]},"5":{"line":30,"type":"cond-expr","locations":[{"start":{"line":30,"column":37},"end":{"line":30,"column":38}},{"start":{"line":30,"column":41},"end":{"line":30,"column":43}}]},"6":{"line":42,"type":"switch","locations":[{"start":{"line":43,"column":16},"end":{"line":45,"column":26}},{"start":{"line":46,"column":16},"end":{"line":48,"column":26}},{"start":{"line":49,"column":16},"end":{"line":51,"column":26}},{"start":{"line":52,"column":16},"end":{"line":54,"column":26}}]}}}}